<?xml version="1.0" encoding="UTF-8"?>
<testsuites name="Test Suite Collection 2" time="44.306" tests="4" failures="0" errors="0">
   <testsuite name="Test Suite 2" tests="2" failures="0" errors="0" time="14.904" skipped="0" timestamp="2023-06-12 17:50:56" hostname="4817 - XCVDI-CTX210.xipl.local" id="Test Suites/Test Suite 2">
      <properties>
         <property name="deviceName" value=""/>
         <property name="devicePlatform" value=""/>
         <property name="logFolder" value="C:\\Users\\4817\\Katalon Studio\\My First Web UI Project\\Reports\\20230612_175041\\Test Suite 2\\20230612_175042"/>
         <property name="logFiles" value="C:\\Users\\4817\\Katalon Studio\\My First Web UI Project\\Reports\\20230612_175041\\Test Suite 2\\20230612_175042\\execution0.log"/>
         <property name="attachments" value=""/>
         <property name="hostName" value="4817 - XCVDI-CTX210.xipl.local"/>
         <property name="hostAddress" value="10.210.44.46"/>
         <property name="os" value="Windows 10 64bit"/>
         <property name="katalonVersion" value="8.6.5.208"/>
      </properties>
      <testcase name="Test Cases/APIPostTestCase1" time="10.602" classname="Test Cases/APIPostTestCase1" status="PASSED">
         <system-out><![CDATA[2023-06-12 17:50:57 - [TEST_CASE][PASSED] - Test Cases/APIPostTestCase1: Test Cases/APIPostTestCase1

2023-06-12 17:50:59 - [TEST_STEP][PASSED] - requestObject = findTestObject("APIPostTestCase1"): null

2023-06-12 17:50:59 - [TEST_STEP][PASSED] - jsonslurper = new groovy.json.JsonSlurper(): null

2023-06-12 17:50:59 - [TEST_STEP][PASSED] - conTentType = new com.kms.katalon.core.testobject.TestObjectProperty(Content-Type, com.kms.katalon.core.testobject.ConditionType.EQUALS, application/json): null

2023-06-12 17:50:59 - [TEST_STEP][PASSED] - acceptHeader = new com.kms.katalon.core.testobject.TestObjectProperty(Accept, com.kms.katalon.core.testobject.ConditionType.EQUALS, application/json): null

2023-06-12 17:50:59 - [TEST_STEP][PASSED] - requestObject.setHttpHeaderProperties(Arrays.asList(conTentType, acceptHeader)): null

2023-06-12 17:50:59 - [TEST_STEP][PASSED] - responseObject = sendRequest(requestObject): Send request successfully

2023-06-12 17:51:08 - [MESSAGE][INFO] - HAR: C:\Users\4817\Katalon Studio\My First Web UI Project\Reports\20230612_175041\Test Suite 2\20230612_175042\requests\main\0.har

2023-06-12 17:51:08 - [MESSAGE][PASSED] - Send request successfully

2023-06-12 17:51:08 - [TEST_STEP][PASSED] - responsevalue = jsonslurper.parseText(responseObject.getResponseText()): null

2023-06-12 17:51:08 - [TEST_STEP][PASSED] - Assert.assertEquals(201, responseObject.getStatusCode()): null

2023-06-12 17:51:08 - [TEST_STEP][PASSED] - println("Status Code " + responseObject.getStatusCode()): null

2023-06-12 17:51:08 - [TEST_STEP][PASSED] - println("responsevalue " + responsevalue): null]]></system-out>
         <system-err><![CDATA[]]></system-err>
      </testcase>
      <testcase name="Test Cases/APIPutTestCase1" time="2.809" classname="Test Cases/APIPutTestCase1" status="PASSED">
         <system-out><![CDATA[2023-06-12 17:51:08 - [TEST_CASE][PASSED] - Test Cases/APIPutTestCase1: Test Cases/APIPutTestCase1

2023-06-12 17:51:09 - [TEST_STEP][PASSED] - requestObject = findTestObject("APIPutTestCase1"): null

2023-06-12 17:51:10 - [TEST_STEP][PASSED] - jsonslurper = new groovy.json.JsonSlurper(): null

2023-06-12 17:51:10 - [TEST_STEP][PASSED] - conTentType = new com.kms.katalon.core.testobject.TestObjectProperty(Content-Type, com.kms.katalon.core.testobject.ConditionType.EQUALS, application/json): null

2023-06-12 17:51:10 - [TEST_STEP][PASSED] - acceptHeader = new com.kms.katalon.core.testobject.TestObjectProperty(Accept, com.kms.katalon.core.testobject.ConditionType.EQUALS, application/json): null

2023-06-12 17:51:10 - [TEST_STEP][PASSED] - requestObject.setHttpHeaderProperties(Arrays.asList(conTentType, acceptHeader)): null

2023-06-12 17:51:10 - [TEST_STEP][PASSED] - responseObject = sendRequest(requestObject): Send request successfully

2023-06-12 17:51:11 - [MESSAGE][INFO] - HAR: C:\Users\4817\Katalon Studio\My First Web UI Project\Reports\20230612_175041\Test Suite 2\20230612_175042\requests\main\1.har

2023-06-12 17:51:11 - [MESSAGE][PASSED] - Send request successfully

2023-06-12 17:51:11 - [TEST_STEP][PASSED] - responsevalue = jsonslurper.parseText(responseObject.getResponseText()): null

2023-06-12 17:51:11 - [TEST_STEP][PASSED] - Assert.assertEquals(200, responseObject.getStatusCode()): null

2023-06-12 17:51:11 - [TEST_STEP][PASSED] - println("Status Code " + responseObject.getStatusCode()): null

2023-06-12 17:51:11 - [TEST_STEP][PASSED] - println("responsevalue " + responsevalue): null]]></system-out>
         <system-err><![CDATA[]]></system-err>
      </testcase>
      <system-out><![CDATA[2023-06-12 17:50:56 - [TEST_SUITE][PASSED] - Test Suite 2: Test Cases/APIPutTestCase1]]></system-out>
      <system-err><![CDATA[]]></system-err>
   </testsuite>
   <testsuite name="Test Suite 3" tests="2" failures="0" errors="0" time="33.338" skipped="0" timestamp="2023-06-12 17:50:57" hostname="4817 - XCVDI-CTX210.xipl.local" id="Test Suites/Test Suite 3">
      <properties>
         <property name="deviceName" value=""/>
         <property name="devicePlatform" value=""/>
         <property name="logFolder" value="C:\\Users\\4817\\Katalon Studio\\My First Web UI Project\\Reports\\20230612_175041\\Test Suite 3\\20230612_175044"/>
         <property name="logFiles" value="C:\\Users\\4817\\Katalon Studio\\My First Web UI Project\\Reports\\20230612_175041\\Test Suite 3\\20230612_175044\\execution0.log"/>
         <property name="attachments" value=""/>
         <property name="hostName" value="4817 - XCVDI-CTX210.xipl.local"/>
         <property name="os" value="Windows 10 64bit"/>
         <property name="katalonVersion" value="8.6.5.208"/>
         <property name="browser" value="Chrome 114.0.0.0"/>
         <property name="hostAddress" value="10.210.44.46"/>
         <property name="sessionId" value="2bc31cceab127ceae70684dba8b5c756"/>
         <property name="seleniumVersion" value="3.141.59"/>
         <property name="proxyInformation" value="ProxyInformation { proxyOption=NO_PROXY, proxyServerType=HTTP, username=, password=********, proxyServerAddress=, proxyServerPort=0, executionList=&quot;&quot;, isApplyToDesiredCapabilities=true }"/>
         <property name="platform" value="Windows 10"/>
      </properties>
      <testcase name="Test Cases/GetUser" time="10.912" classname="Test Cases/GetUser" status="PASSED">
         <system-out><![CDATA[2023-06-12 17:50:58 - [TEST_CASE][PASSED] - Test Cases/GetUser: Test Cases/GetUser

2023-06-12 17:51:00 - [TEST_STEP][PASSED] - requestObject = findTestObject("APIServiceRequest"): null

2023-06-12 17:51:02 - [TEST_STEP][PASSED] - jsonslurper = new groovy.json.JsonSlurper(): null

2023-06-12 17:51:03 - [TEST_STEP][PASSED] - conTentType = new com.kms.katalon.core.testobject.TestObjectProperty(Content-Type, com.kms.katalon.core.testobject.ConditionType.EQUALS, application/json): null

2023-06-12 17:51:03 - [TEST_STEP][PASSED] - acceptHeader = new com.kms.katalon.core.testobject.TestObjectProperty(Accept, com.kms.katalon.core.testobject.ConditionType.EQUALS, application/json): null

2023-06-12 17:51:03 - [TEST_STEP][PASSED] - requestObject.setHttpHeaderProperties(Arrays.asList(conTentType, acceptHeader)): null

2023-06-12 17:51:03 - [TEST_STEP][PASSED] - responseObject = sendRequest(requestObject): Send request successfully

2023-06-12 17:51:08 - [MESSAGE][INFO] - HAR: C:\Users\4817\Katalon Studio\My First Web UI Project\Reports\20230612_175041\Test Suite 3\20230612_175044\requests\main\0.har

2023-06-12 17:51:09 - [MESSAGE][PASSED] - Send request successfully

2023-06-12 17:51:09 - [TEST_STEP][PASSED] - responsevalue = jsonslurper.parseText(responseObject.getResponseText()): null

2023-06-12 17:51:09 - [TEST_STEP][PASSED] - Assert.assertEquals(200, responseObject.getStatusCode()): null

2023-06-12 17:51:09 - [TEST_STEP][PASSED] - println("Status Code " + responseObject.getStatusCode()): null

2023-06-12 17:51:09 - [TEST_STEP][PASSED] - println("responsevalue " + responsevalue): null]]></system-out>
         <system-err><![CDATA[]]></system-err>
      </testcase>
      <testcase name="Test Cases/Sauce-WebApp-Automation" time="20.782" classname="Test Cases/Sauce-WebApp-Automation" status="PASSED">
         <system-out><![CDATA[2023-06-12 17:51:09 - [TEST_CASE][PASSED] - Test Cases/Sauce-WebApp-Automation: Test Cases/Sauce-WebApp-Automation

2023-06-12 17:51:10 - [TEST_STEP][PASSED] - openBrowser(""): Browser is opened with url: ''

2023-06-12 17:51:11 - [MESSAGE][INFO] - Starting 'Chrome' driver

2023-06-12 17:51:12 - [MESSAGE][INFO] - Action delay is set to 0 milliseconds

2023-06-12 17:51:18 - [MESSAGE][PASSED] - Browser is opened with url: ''

2023-06-12 17:51:18 - [TEST_STEP][PASSED] - navigateToUrl("https://www.saucedemo.com/"): Navigate to 'https://www.saucedemo.com/' successfully

2023-06-12 17:51:19 - [MESSAGE][PASSED] - Navigate to 'https://www.saucedemo.com/' successfully

2023-06-12 17:51:19 - [TEST_STEP][PASSED] - setText(findTestObject("Object Repository/SauceDemo-ObjectRepo-1/Page_Swag Labs/input_Swag Labs_user-name"), "standard_user"): Text 'standard_user' is set on object 'Object Repository/SauceDemo-ObjectRepo-1/Page_Swag Labs/input_Swag Labs_user-name'

2023-06-12 17:51:21 - [MESSAGE][PASSED] - Text 'standard_user' is set on object 'Object Repository/SauceDemo-ObjectRepo-1/Page_Swag Labs/input_Swag Labs_user-name'

2023-06-12 17:51:21 - [TEST_STEP][PASSED] - setEncryptedText(findTestObject("Object Repository/SauceDemo-ObjectRepo-1/Page_Swag Labs/input_Swag Labs_password"), "qcu24s4901FyWDTwXGr6XA=="): Text ****** has been set on object 'Object Repository/SauceDemo-ObjectRepo-1/Page_Swag Labs/input_Swag Labs_password'

2023-06-12 17:51:22 - [MESSAGE][PASSED] - Text ****** has been set on object 'Object Repository/SauceDemo-ObjectRepo-1/Page_Swag Labs/input_Swag Labs_password'

2023-06-12 17:51:22 - [TEST_STEP][PASSED] - click(findTestObject("Object Repository/SauceDemo-ObjectRepo-1/Page_Swag Labs/input_Swag Labs_login-button")): Object: 'Object Repository/SauceDemo-ObjectRepo-1/Page_Swag Labs/input_Swag Labs_login-button' is clicked on

2023-06-12 17:51:23 - [MESSAGE][PASSED] - Object: 'Object Repository/SauceDemo-ObjectRepo-1/Page_Swag Labs/input_Swag Labs_login-button' is clicked on

2023-06-12 17:51:23 - [TEST_STEP][PASSED] - click(findTestObject("Object Repository/SauceDemo-ObjectRepo-1/Page_Swag Labs/button_Add to cart")): Object: 'Object Repository/SauceDemo-ObjectRepo-1/Page_Swag Labs/button_Add to cart' is clicked on

2023-06-12 17:51:23 - [MESSAGE][PASSED] - Object: 'Object Repository/SauceDemo-ObjectRepo-1/Page_Swag Labs/button_Add to cart' is clicked on

2023-06-12 17:51:23 - [TEST_STEP][PASSED] - click(findTestObject("Object Repository/SauceDemo-ObjectRepo-1/Page_Swag Labs/button_Add to cart_1")): Object: 'Object Repository/SauceDemo-ObjectRepo-1/Page_Swag Labs/button_Add to cart_1' is clicked on

2023-06-12 17:51:24 - [MESSAGE][PASSED] - Object: 'Object Repository/SauceDemo-ObjectRepo-1/Page_Swag Labs/button_Add to cart_1' is clicked on

2023-06-12 17:51:24 - [TEST_STEP][PASSED] - click(findTestObject("Object Repository/SauceDemo-ObjectRepo-1/Page_Swag Labs/img_Remove_inventory_item_img")): Object: 'Object Repository/SauceDemo-ObjectRepo-1/Page_Swag Labs/img_Remove_inventory_item_img' is clicked on

2023-06-12 17:51:24 - [MESSAGE][PASSED] - Object: 'Object Repository/SauceDemo-ObjectRepo-1/Page_Swag Labs/img_Remove_inventory_item_img' is clicked on

2023-06-12 17:51:24 - [TEST_STEP][PASSED] - click(findTestObject("Object Repository/SauceDemo-ObjectRepo-1/Page_Swag Labs/button_Add to cart_1_2")): Object: 'Object Repository/SauceDemo-ObjectRepo-1/Page_Swag Labs/button_Add to cart_1_2' is clicked on

2023-06-12 17:51:25 - [MESSAGE][PASSED] - Object: 'Object Repository/SauceDemo-ObjectRepo-1/Page_Swag Labs/button_Add to cart_1_2' is clicked on

2023-06-12 17:51:25 - [TEST_STEP][PASSED] - click(findTestObject("Object Repository/SauceDemo-ObjectRepo-1/Page_Swag Labs/img_Back to products_back-image")): Object: 'Object Repository/SauceDemo-ObjectRepo-1/Page_Swag Labs/img_Back to products_back-image' is clicked on

2023-06-12 17:51:26 - [MESSAGE][PASSED] - Object: 'Object Repository/SauceDemo-ObjectRepo-1/Page_Swag Labs/img_Back to products_back-image' is clicked on

2023-06-12 17:51:26 - [TEST_STEP][PASSED] - click(findTestObject("Object Repository/SauceDemo-ObjectRepo-1/Page_Swag Labs/button_Open Menu")): Object: 'Object Repository/SauceDemo-ObjectRepo-1/Page_Swag Labs/button_Open Menu' is clicked on

2023-06-12 17:51:26 - [MESSAGE][PASSED] - Object: 'Object Repository/SauceDemo-ObjectRepo-1/Page_Swag Labs/button_Open Menu' is clicked on

2023-06-12 17:51:26 - [TEST_STEP][PASSED] - click(findTestObject("Object Repository/SauceDemo-ObjectRepo-1/Page_Swag Labs/a_Logout")): Object: 'Object Repository/SauceDemo-ObjectRepo-1/Page_Swag Labs/a_Logout' is clicked on

2023-06-12 17:51:27 - [MESSAGE][PASSED] - Object: 'Object Repository/SauceDemo-ObjectRepo-1/Page_Swag Labs/a_Logout' is clicked on

2023-06-12 17:51:27 - [TEST_STEP][PASSED] - closeBrowser(): Browser is closed

2023-06-12 17:51:30 - [MESSAGE][PASSED] - Browser is closed]]></system-out>
         <system-err><![CDATA[]]></system-err>
      </testcase>
      <system-out><![CDATA[2023-06-12 17:50:57 - [TEST_SUITE][PASSED] - Test Suite 3: Test Cases/Sauce-WebApp-Automation]]></system-out>
      <system-err><![CDATA[]]></system-err>
   </testsuite>
</testsuites>
